%!Adobe-FontList 1.16
%Locale:0x409

%BeginFont
Handler:DirectoryHandler
FontType:Type1
FontName:Bembo
FamilyName:Bembo
StyleName:Regular
MenuName:Bembo
StyleBits:0
WeightClass:400
WidthClass:5
AngleClass:0
FullName:Bembo
WritingScript:Roman
OutlineFileName:\Bembo
DataFormat:POSTResource
UsesStandardEncoding:yes
isCFF:no
FileLength:32448
FileModTime:1224374493
DesignSize:-1
%EndFont

%BeginFont
Handler:DirectoryHandler
FontType:Suitcase
FontName:Bembo-Italic
OutlineFileName:\Bembo-Italic
ResourceID:1028
MacStyle:0
FileLength:9586
FileModTime:1341335890
%EndFont

%BeginFont
Handler:DirectoryHandler
FontType:Suitcase
FontName:Bembo
OutlineFileName:\Bembo.
ResourceID:1025
MacStyle:0
FileLength:12535
FileModTime:1341335890
%EndFont

%BeginFont
Handler:DirectoryHandler
FontType:Type1
FontName:Bembo-Italic
FamilyName:Bembo
StyleName:Italic
MenuName:Bembo
StyleBits:1
WeightClass:400
WidthClass:5
AngleClass:1
FullName:Bembo Italic
WritingScript:Roman
OutlineFileName:\BemboIta
DataFormat:POSTResource
UsesStandardEncoding:yes
isCFF:no
FileLength:34117
FileModTime:1224374493
DesignSize:-1
%EndFont

%BeginFont
Handler:DirectoryHandler
FontType:Type1
FontName:BemboStd-Bold
FamilyName:Bembo Std
StyleName:Bold
MenuName:Bembo Std
StyleBits:2
WeightClass:700
WidthClass:5
AngleClass:0
FullName:Bembo Std Bold
WritingScript:Roman
OutlineFileName:\BemboStd-Bold.otf
DataFormat:sfntData
UsesStandardEncoding:yes
isCFF:yes
FileLength:46272
FileModTime:1302871724
DesignSize:80
NameArray:0,Mac,4,Bembo Std Bold
NameArray:0,Win,1,Bembo Std
%EndFont

%BeginFont
Handler:DirectoryHandler
FontType:Type1
FontName:BemboStd-Semibold
FamilyName:Bembo Std
StyleName:Semibold
MenuName:Bembo Std Semibold
StyleBits:0
WeightClass:600
WidthClass:5
AngleClass:0
FullName:Bembo Std Semibold
WritingScript:Roman
OutlineFileName:\BemboStd-Semibold.otf
DataFormat:sfntData
UsesStandardEncoding:yes
isCFF:yes
FileLength:46680
FileModTime:1302871724
DesignSize:80
NameArray:0,Mac,4,Bembo Std Semibold
NameArray:0,Win,1,Bembo Std Semibold
NameArray:0,Win,16,Bembo Std
%EndFont

%BeginFont
Handler:DirectoryHandler
FontType:TrueType
FontName:GillSans
FamilyName:Gill Sans
StyleName:Regular
MenuName:Gill Sans
StyleBits:0
WeightClass:400
WidthClass:5
AngleClass:0
FullName:Gill Sans
WritingScript:Roman
OutlineFileName:\GillSans.ttc
TTCOffset:48
DataFormat:sfntData
FileLength:589392
FileModTime:1247723020
NameArray:0,Mac,4,Gill Sans
%EndFont

%BeginFont
Handler:DirectoryHandler
FontType:TrueType
FontName:GillSans-Bold
FamilyName:Gill Sans
StyleName:Bold
MenuName:Gill Sans
StyleBits:2
WeightClass:700
WidthClass:5
AngleClass:0
FullName:Gill Sans Bold
WritingScript:Roman
OutlineFileName:\GillSans.ttc
TTCOffset:348
DataFormat:sfntData
FileLength:589392
FileModTime:1247723020
NameArray:0,Mac,4,Gill Sans Bold
%EndFont

%BeginFont
Handler:DirectoryHandler
FontType:TrueType
FontName:GillSans-BoldItalic
FamilyName:Gill Sans
StyleName:Bold Italic
MenuName:Gill Sans
StyleBits:3
WeightClass:700
WidthClass:5
AngleClass:1
FullName:Gill Sans Bold Italic
WritingScript:Roman
OutlineFileName:\GillSans.ttc
TTCOffset:648
DataFormat:sfntData
FileLength:589392
FileModTime:1247723020
NameArray:0,Mac,4,Gill Sans Bold Italic
%EndFont

%BeginFont
Handler:DirectoryHandler
FontType:TrueType
FontName:GillSans-Italic
FamilyName:Gill Sans
StyleName:Italic
MenuName:Gill Sans
StyleBits:1
WeightClass:400
WidthClass:5
AngleClass:1
FullName:Gill Sans Italic
WritingScript:Roman
OutlineFileName:\GillSans.ttc
TTCOffset:948
DataFormat:sfntData
FileLength:589392
FileModTime:1247723020
NameArray:0,Mac,4,Gill Sans Italic
%EndFont

%BeginFont
Handler:DirectoryHandler
FontType:TrueType
FontName:GillSans-Light
FamilyName:Gill Sans
StyleName:Light
MenuName:Gill Sans
StyleBits:0
WeightClass:300
WidthClass:5
AngleClass:0
FullName:Gill Sans Light
WritingScript:Roman
OutlineFileName:\GillSans.ttc
TTCOffset:1248
DataFormat:sfntData
FileLength:589392
FileModTime:1247723020
NameArray:0,Mac,4,Gill Sans Light
%EndFont

%BeginFont
Handler:DirectoryHandler
FontType:TrueType
FontName:GillSans-LightItalic
FamilyName:Gill Sans
StyleName:Light Italic
MenuName:Gill Sans
StyleBits:1
WeightClass:300
WidthClass:5
AngleClass:1
FullName:Gill Sans Light Italic
WritingScript:Roman
OutlineFileName:\GillSans.ttc
TTCOffset:1548
DataFormat:sfntData
FileLength:589392
FileModTime:1247723020
NameArray:0,Mac,4,Gill Sans Light Italic
%EndFont

