%!Adobe-FontList 1.18
%Locale:0x409

%BeginFont
Handler:DirectoryHandler
FontType:Invalid
OutlineFileName:\Bembo
FileModTime:1489654449
%EndFont

%BeginFont
Handler:DirectoryHandler
FontType:Invalid
OutlineFileName:\Bembo-Italic
FileModTime:1489654449
%EndFont

%BeginFont
Handler:DirectoryHandler
FontType:Invalid
OutlineFileName:\Bembo.
FileModTime:1489654449
%EndFont

%BeginFont
Handler:DirectoryHandler
FontType:Invalid
OutlineFileName:\BemboIta
FileModTime:1489654449
%EndFont

%BeginFont
Handler:DirectoryHandler
FontType:Type1
FontName:BemboStd-Bold
FamilyName:Bembo Std
StyleName:Bold
MenuName:Bembo Std
StyleBits:2
WeightClass:700
WidthClass:5
AngleClass:0
FullName:Bembo Std Bold
WritingScript:Roman
OutlineFileName:\BemboStd-Bold.otf
DataFormat:sfntData
UsesStandardEncoding:yes
isCFF:yes
hasSVG:no
FileLength:46272
FileModTime:1489654449
DesignSize:80
NameArray:0,Mac,4,Bembo Std Bold
NameArray:0,Win,1,Bembo Std
%EndFont

%BeginFont
Handler:DirectoryHandler
FontType:Type1
FontName:BemboStd-Semibold
FamilyName:Bembo Std
StyleName:Semibold
MenuName:Bembo Std Semibold
StyleBits:0
WeightClass:600
WidthClass:5
AngleClass:0
FullName:Bembo Std Semibold
WritingScript:Roman
OutlineFileName:\BemboStd-Semibold.otf
DataFormat:sfntData
UsesStandardEncoding:yes
isCFF:yes
hasSVG:no
FileLength:46680
FileModTime:1489654449
DesignSize:80
NameArray:0,Mac,4,Bembo Std Semibold
NameArray:0,Win,1,Bembo Std Semibold
NameArray:0,Win,16,Bembo Std
%EndFont

%BeginFont
Handler:DirectoryHandler
FontType:TrueType
FontName:GillSans
FamilyName:Gill Sans
StyleName:Regular
MenuName:Gill Sans
StyleBits:0
WeightClass:400
WidthClass:5
AngleClass:0
FullName:Gill Sans
WritingScript:Roman
OutlineFileName:\GillSans.ttc
TTCOffset:48
DataFormat:sfntData
hasSVG:no
FileLength:589392
FileModTime:1489654449
NameArray:0,Mac,4,Gill Sans
%EndFont

%BeginFont
Handler:DirectoryHandler
FontType:TrueType
FontName:GillSans-Bold
FamilyName:Gill Sans
StyleName:Bold
MenuName:Gill Sans
StyleBits:2
WeightClass:700
WidthClass:5
AngleClass:0
FullName:Gill Sans Bold
WritingScript:Roman
OutlineFileName:\GillSans.ttc
TTCOffset:348
DataFormat:sfntData
hasSVG:no
FileLength:589392
FileModTime:1489654449
NameArray:0,Mac,4,Gill Sans Bold
%EndFont

%BeginFont
Handler:DirectoryHandler
FontType:TrueType
FontName:GillSans-BoldItalic
FamilyName:Gill Sans
StyleName:Bold Italic
MenuName:Gill Sans
StyleBits:3
WeightClass:700
WidthClass:5
AngleClass:1
FullName:Gill Sans Bold Italic
WritingScript:Roman
OutlineFileName:\GillSans.ttc
TTCOffset:648
DataFormat:sfntData
hasSVG:no
FileLength:589392
FileModTime:1489654449
NameArray:0,Mac,4,Gill Sans Bold Italic
%EndFont

%BeginFont
Handler:DirectoryHandler
FontType:TrueType
FontName:GillSans-Italic
FamilyName:Gill Sans
StyleName:Italic
MenuName:Gill Sans
StyleBits:1
WeightClass:400
WidthClass:5
AngleClass:1
FullName:Gill Sans Italic
WritingScript:Roman
OutlineFileName:\GillSans.ttc
TTCOffset:948
DataFormat:sfntData
hasSVG:no
FileLength:589392
FileModTime:1489654449
NameArray:0,Mac,4,Gill Sans Italic
%EndFont

%BeginFont
Handler:DirectoryHandler
FontType:TrueType
FontName:GillSans-Light
FamilyName:Gill Sans
StyleName:Light
MenuName:Gill Sans
StyleBits:0
WeightClass:300
WidthClass:5
AngleClass:0
FullName:Gill Sans Light
WritingScript:Roman
OutlineFileName:\GillSans.ttc
TTCOffset:1248
DataFormat:sfntData
hasSVG:no
FileLength:589392
FileModTime:1489654449
NameArray:0,Mac,4,Gill Sans Light
%EndFont

%BeginFont
Handler:DirectoryHandler
FontType:TrueType
FontName:GillSans-LightItalic
FamilyName:Gill Sans
StyleName:Light Italic
MenuName:Gill Sans
StyleBits:1
WeightClass:300
WidthClass:5
AngleClass:1
FullName:Gill Sans Light Italic
WritingScript:Roman
OutlineFileName:\GillSans.ttc
TTCOffset:1548
DataFormat:sfntData
hasSVG:no
FileLength:589392
FileModTime:1489654449
NameArray:0,Mac,4,Gill Sans Light Italic
%EndFont

%BeginFont
Handler:DirectoryHandler
FontType:TrueType
FontName:Webdings
FamilyName:Webdings
StyleName:Regular
MenuName:Webdings
StyleBits:0
WeightClass:400
WidthClass:5
AngleClass:0
FullName:Webdings
WritingScript:Roman
OutlineFileName:\Webdings.ttf
DataFormat:sfntData
hasSVG:no
FileLength:124308
FileModTime:1489654449
NameArray:0,Mac,4,Webdings
NameArray:0,Win,1,Webdings
%EndFont

